0 verbose cli /usr/local/bin/node /usr/local/bin/npm
1 info using npm@10.9.0
2 info using node@v22.12.0
3 silly config load:file:/usr/local/lib/node_modules/npm/npmrc
4 silly config load:file:/home/node/app/.npmrc
5 silly config load:file:/usr/local/etc/npmrc
6 verbose title npm install
7 verbose argv "install"
8 verbose logfile logs-max:10 dir:/home/node/app/.npm/_logs/2025-01-05T13_02_19_974Z-
9 verbose logfile /home/node/app/.npm/_logs/2025-01-05T13_02_19_974Z-debug-0.log
10 silly logfile done cleaning log files
11 silly packumentCache heap:4345298944 maxSize:1086324736 maxEntrySize:543162368
12 silly idealTree buildDeps
13 silly reify moves {}
14 silly audit bulk request {
14 silly audit   accepts: [ '1.3.8' ],
14 silly audit   anymatch: [ '3.1.3' ],
14 silly audit   'array-flatten': [ '1.1.1' ],
14 silly audit   'balanced-match': [ '1.0.2' ],
14 silly audit   'binary-extensions': [ '2.3.0' ],
14 silly audit   'body-parser': [ '1.20.3' ],
14 silly audit   'brace-expansion': [ '1.1.11' ],
14 silly audit   braces: [ '3.0.3' ],
14 silly audit   bytes: [ '3.1.2' ],
14 silly audit   'call-bind-apply-helpers': [ '1.0.1' ],
14 silly audit   'call-bound': [ '1.0.3' ],
14 silly audit   chokidar: [ '3.6.0' ],
14 silly audit   'concat-map': [ '0.0.1' ],
14 silly audit   'content-disposition': [ '0.5.4' ],
14 silly audit   'content-type': [ '1.0.5' ],
14 silly audit   cookie: [ '0.7.1' ],
14 silly audit   'cookie-signature': [ '1.0.6' ],
14 silly audit   debug: [ '2.6.9', '3.2.7' ],
14 silly audit   depd: [ '2.0.0' ],
14 silly audit   destroy: [ '1.2.0' ],
14 silly audit   'dunder-proto': [ '1.0.1' ],
14 silly audit   'ee-first': [ '1.1.1' ],
14 silly audit   encodeurl: [ '2.0.0', '1.0.2' ],
14 silly audit   'es-define-property': [ '1.0.1' ],
14 silly audit   'es-errors': [ '1.3.0' ],
14 silly audit   'es-object-atoms': [ '1.0.0' ],
14 silly audit   'escape-html': [ '1.0.3' ],
14 silly audit   etag: [ '1.8.1' ],
14 silly audit   express: [ '4.21.2' ],
14 silly audit   'fill-range': [ '7.1.1' ],
14 silly audit   finalhandler: [ '1.3.1' ],
14 silly audit   forwarded: [ '0.2.0' ],
14 silly audit   fresh: [ '0.5.2' ],
14 silly audit   fsevents: [ '2.3.3' ],
14 silly audit   'function-bind': [ '1.1.2' ],
14 silly audit   'get-intrinsic': [ '1.2.7' ],
14 silly audit   'get-proto': [ '1.0.1' ],
14 silly audit   'glob-parent': [ '5.1.2' ],
14 silly audit   gopd: [ '1.2.0' ],
14 silly audit   'has-flag': [ '3.0.0' ],
14 silly audit   'has-symbols': [ '1.1.0' ],
14 silly audit   hasown: [ '2.0.2' ],
14 silly audit   'http-errors': [ '2.0.0' ],
14 silly audit   'iconv-lite': [ '0.4.24' ],
14 silly audit   'ignore-by-default': [ '1.0.1' ],
14 silly audit   inherits: [ '2.0.4' ],
14 silly audit   'ipaddr.js': [ '1.9.1' ],
14 silly audit   'is-binary-path': [ '2.1.0' ],
14 silly audit   'is-extglob': [ '2.1.1' ],
14 silly audit   'is-glob': [ '4.0.3' ],
14 silly audit   'is-number': [ '7.0.0' ],
14 silly audit   'math-intrinsics': [ '1.1.0' ],
14 silly audit   'media-typer': [ '0.3.0' ],
14 silly audit   'merge-descriptors': [ '1.0.3' ],
14 silly audit   methods: [ '1.1.2' ],
14 silly audit   mime: [ '1.6.0' ],
14 silly audit   'mime-db': [ '1.52.0' ],
14 silly audit   'mime-types': [ '2.1.35' ],
14 silly audit   minimatch: [ '3.1.2' ],
14 silly audit   ms: [ '2.0.0', '2.1.3' ],
14 silly audit   negotiator: [ '0.6.3' ],
14 silly audit   nodemon: [ '2.0.22' ],
14 silly audit   'normalize-path': [ '3.0.0' ],
14 silly audit   'object-inspect': [ '1.13.3' ],
14 silly audit   'on-finished': [ '2.4.1' ],
14 silly audit   parseurl: [ '1.3.3' ],
14 silly audit   'path-to-regexp': [ '0.1.12' ],
14 silly audit   picomatch: [ '2.3.1' ],
14 silly audit   'proxy-addr': [ '2.0.7' ],
14 silly audit   'pstree.remy': [ '1.1.8' ],
14 silly audit   qs: [ '6.13.0' ],
14 silly audit   'range-parser': [ '1.2.1' ],
14 silly audit   'raw-body': [ '2.5.2' ],
14 silly audit   readdirp: [ '3.6.0' ],
14 silly audit   'safe-buffer': [ '5.2.1' ],
14 silly audit   'safer-buffer': [ '2.1.2' ],
14 silly audit   semver: [ '5.7.2', '7.0.0' ],
14 silly audit   send: [ '0.19.0' ],
14 silly audit   'serve-static': [ '1.16.2' ],
14 silly audit   setprototypeof: [ '1.2.0' ],
14 silly audit   'side-channel': [ '1.1.0' ],
14 silly audit   'side-channel-list': [ '1.0.0' ],
14 silly audit   'side-channel-map': [ '1.0.1' ],
14 silly audit   'side-channel-weakmap': [ '1.0.2' ],
14 silly audit   'simple-update-notifier': [ '1.1.0' ],
14 silly audit   statuses: [ '2.0.1' ],
14 silly audit   'supports-color': [ '5.5.0' ],
14 silly audit   'to-regex-range': [ '5.0.1' ],
14 silly audit   toidentifier: [ '1.0.1' ],
14 silly audit   touch: [ '3.1.1' ],
14 silly audit   'type-is': [ '1.6.18' ],
14 silly audit   undefsafe: [ '2.0.5' ],
14 silly audit   unpipe: [ '1.0.0' ],
14 silly audit   'utils-merge': [ '1.0.1' ],
14 silly audit   vary: [ '1.1.2' ]
14 silly audit }
15 verbose reify failed optional dependency /home/node/app/node_modules/fsevents
16 silly reify mark deleted [ '/home/node/app/node_modules/fsevents' ]
17 http fetch POST 200 https://registry.npmjs.org/-/npm/v1/security/advisories/bulk 462ms
18 silly audit report {
18 silly audit report   semver: [
18 silly audit report     {
18 silly audit report       id: 1101088,
18 silly audit report       url: 'https://github.com/advisories/GHSA-c2qf-rxjj-qqgw',
18 silly audit report       title: 'semver vulnerable to Regular Expression Denial of Service',
18 silly audit report       severity: 'high',
18 silly audit report       vulnerable_versions: '>=7.0.0 <7.5.2',
18 silly audit report       cwe: [Array],
18 silly audit report       cvss: [Object]
18 silly audit report     }
18 silly audit report   ]
18 silly audit report }
19 silly packumentCache corgi:https://registry.npmjs.org/semver cache-miss
20 http fetch GET 200 https://registry.npmjs.org/semver 115ms (cache updated)
21 silly packumentCache corgi:https://registry.npmjs.org/semver set size:undefined disposed:false
22 silly packumentCache corgi:https://registry.npmjs.org/simple-update-notifier cache-miss
23 http fetch GET 200 https://registry.npmjs.org/simple-update-notifier 81ms (cache updated)
24 silly packumentCache corgi:https://registry.npmjs.org/simple-update-notifier set size:undefined disposed:false
25 silly packumentCache corgi:https://registry.npmjs.org/nodemon cache-miss
26 http fetch GET 200 https://registry.npmjs.org/nodemon 177ms (cache updated)
27 silly packumentCache corgi:https://registry.npmjs.org/nodemon set size:undefined disposed:false
28 silly ADD
29 verbose cwd /home/node/app
30 verbose os Linux 5.15.167.4-microsoft-standard-WSL2
31 verbose node v22.12.0
32 verbose npm  v10.9.0
33 verbose exit 0
34 info ok
